Connecting to database specified by database.yml
Connecting to database specified by database.yml
Connecting to database specified by database.yml
  [1m[36m (0.0ms)[0m  [1mselect sqlite_version(*)[0m
  [1m[35m (130.6ms)[0m  CREATE TABLE "schema_migrations" ("version" varchar(255) NOT NULL) 
  [1m[36m (86.9ms)[0m  [1mCREATE UNIQUE INDEX "unique_schema_migrations" ON "schema_migrations" ("version")[0m
  [1m[35m (0.0ms)[0m  SELECT "schema_migrations"."version" FROM "schema_migrations" 
Migrating to DeviseCreateAdminUsers (20130609205256)
  [1m[36m (0.0ms)[0m  [1mbegin transaction[0m
  [1m[35m (1.0ms)[0m  CREATE TABLE "admin_users" ("id" INTEGER PRIMARY KEY AUTOINCREMENT NOT NULL, "email" varchar(255) DEFAULT '' NOT NULL, "encrypted_password" varchar(255) DEFAULT '' NOT NULL, "reset_password_token" varchar(255), "reset_password_sent_at" datetime, "remember_created_at" datetime, "sign_in_count" integer DEFAULT 0, "current_sign_in_at" datetime, "last_sign_in_at" datetime, "current_sign_in_ip" varchar(255), "last_sign_in_ip" varchar(255), "created_at" datetime NOT NULL, "updated_at" datetime NOT NULL) 
  [1m[36m (1.0ms)[0m  [1mCREATE UNIQUE INDEX "index_admin_users_on_email" ON "admin_users" ("email")[0m
  [1m[35m (1.0ms)[0m  CREATE UNIQUE INDEX "index_admin_users_on_reset_password_token" ON "admin_users" ("reset_password_token")
  [1m[36mAdminUser Exists (0.0ms)[0m  [1mSELECT 1 AS one FROM "admin_users" WHERE "admin_users"."email" = 'admin@example.com' LIMIT 1[0m
Binary data inserted for `string` type on column `encrypted_password`
  [1m[35mSQL (8.7ms)[0m  INSERT INTO "admin_users" ("created_at", "current_sign_in_at", "current_sign_in_ip", "email", "encrypted_password", "last_sign_in_at", "last_sign_in_ip", "remember_created_at", "reset_password_sent_at", "reset_password_token", "sign_in_count", "updated_at") VALUES (?, ?, ?, ?, ?, ?, ?, ?, ?, ?, ?, ?)  [["created_at", Sun, 09 Jun 2013 20:53:45 UTC +00:00], ["current_sign_in_at", nil], ["current_sign_in_ip", nil], ["email", "admin@example.com"], ["encrypted_password", "$2a$10$DC39/oxJu73tQmYBKtlrNuDZ820NFQ4LMzQoOqsydzZ2B1SUM92Vi"], ["last_sign_in_at", nil], ["last_sign_in_ip", nil], ["remember_created_at", nil], ["reset_password_sent_at", nil], ["reset_password_token", nil], ["sign_in_count", 0], ["updated_at", Sun, 09 Jun 2013 20:53:45 UTC +00:00]]
  [1m[36m (0.0ms)[0m  [1mINSERT INTO "schema_migrations" ("version") VALUES ('20130609205256')[0m
  [1m[35m (87.9ms)[0m  commit transaction
Migrating to CreateAdminNotes (20130609205317)
  [1m[36m (0.0ms)[0m  [1mbegin transaction[0m
  [1m[35m (4.0ms)[0m  CREATE TABLE "admin_notes" ("id" INTEGER PRIMARY KEY AUTOINCREMENT NOT NULL, "resource_id" varchar(255) NOT NULL, "resource_type" varchar(255) NOT NULL, "admin_user_id" integer, "admin_user_type" varchar(255), "body" text, "created_at" datetime NOT NULL, "updated_at" datetime NOT NULL) 
  [1m[36m (1.0ms)[0m  [1mCREATE INDEX "index_admin_notes_on_resource_type_and_resource_id" ON "admin_notes" ("resource_type", "resource_id")[0m
  [1m[35m (0.0ms)[0m  CREATE INDEX "index_admin_notes_on_admin_user_type_and_admin_user_id" ON "admin_notes" ("admin_user_type", "admin_user_id")
  [1m[36m (1.0ms)[0m  [1mINSERT INTO "schema_migrations" ("version") VALUES ('20130609205317')[0m
  [1m[35m (113.7ms)[0m  commit transaction
Migrating to MoveAdminNotesToComments (20130609205318)
  [1m[36m (0.0ms)[0m  [1mbegin transaction[0m
  [1m[35m (3.0ms)[0m  DROP INDEX "index_admin_notes_on_admin_user_type_and_admin_user_id"
  [1m[36m (1.0ms)[0m  [1mALTER TABLE "admin_notes" RENAME TO "active_admin_comments"[0m
  [1m[35m (2.0ms)[0m  CREATE TEMPORARY TABLE "altered_active_admin_comments" ("id" INTEGER PRIMARY KEY AUTOINCREMENT NOT NULL, "resource_id" varchar(255) NOT NULL, "resource_type" varchar(255) NOT NULL, "admin_user_id" integer, "author_type" varchar(255), "body" text, "created_at" datetime NOT NULL, "updated_at" datetime NOT NULL) 
  [1m[36m (1.0ms)[0m  [1mCREATE INDEX "temp_index_admin_notes_on_resource_type_and_resource_id" ON "altered_active_admin_comments" ("resource_type", "resource_id")[0m
  [1m[35m (0.0ms)[0m  SELECT * FROM "active_admin_comments"
  [1m[36m (1.0ms)[0m  [1mDROP TABLE "active_admin_comments"[0m
  [1m[35m (1.0ms)[0m  CREATE TABLE "active_admin_comments" ("id" INTEGER PRIMARY KEY AUTOINCREMENT NOT NULL, "resource_id" varchar(255) NOT NULL, "resource_type" varchar(255) NOT NULL, "admin_user_id" integer, "author_type" varchar(255), "body" text, "created_at" datetime NOT NULL, "updated_at" datetime NOT NULL) 
  [1m[36m (0.0ms)[0m  [1mCREATE INDEX "index_admin_notes_on_resource_type_and_resource_id" ON "active_admin_comments" ("resource_type", "resource_id")[0m
  [1m[35m (0.0ms)[0m  SELECT * FROM "altered_active_admin_comments"
  [1m[36m (2.0ms)[0m  [1mDROP TABLE "altered_active_admin_comments"[0m
  [1m[35m (1.0ms)[0m  CREATE TEMPORARY TABLE "altered_active_admin_comments" ("id" INTEGER PRIMARY KEY AUTOINCREMENT NOT NULL, "resource_id" varchar(255) NOT NULL, "resource_type" varchar(255) NOT NULL, "author_id" integer, "author_type" varchar(255), "body" text, "created_at" datetime NOT NULL, "updated_at" datetime NOT NULL) 
  [1m[36m (0.0ms)[0m  [1mCREATE INDEX "temp_index_admin_notes_on_resource_type_and_resource_id" ON "altered_active_admin_comments" ("resource_type", "resource_id")[0m
  [1m[35m (1.0ms)[0m  SELECT * FROM "active_admin_comments"
  [1m[36m (1.0ms)[0m  [1mDROP TABLE "active_admin_comments"[0m
  [1m[35m (0.0ms)[0m  CREATE TABLE "active_admin_comments" ("id" INTEGER PRIMARY KEY AUTOINCREMENT NOT NULL, "resource_id" varchar(255) NOT NULL, "resource_type" varchar(255) NOT NULL, "author_id" integer, "author_type" varchar(255), "body" text, "created_at" datetime NOT NULL, "updated_at" datetime NOT NULL) 
  [1m[36m (1.0ms)[0m  [1mCREATE INDEX "index_admin_notes_on_resource_type_and_resource_id" ON "active_admin_comments" ("resource_type", "resource_id")[0m
  [1m[35m (0.0ms)[0m  SELECT * FROM "altered_active_admin_comments"
  [1m[36m (0.0ms)[0m  [1mDROP TABLE "altered_active_admin_comments"[0m
  [1m[35m (0.0ms)[0m  ALTER TABLE "active_admin_comments" ADD "namespace" varchar(255)
  [1m[36m (0.0ms)[0m  [1mCREATE INDEX "index_active_admin_comments_on_namespace" ON "active_admin_comments" ("namespace")[0m
  [1m[35m (0.0ms)[0m  CREATE INDEX "index_active_admin_comments_on_author_type_and_author_id" ON "active_admin_comments" ("author_type", "author_id")
  [1m[36m (0.0ms)[0m  [1mUPDATE active_admin_comments SET namespace='admin'[0m
  [1m[35m (0.0ms)[0m  INSERT INTO "schema_migrations" ("version") VALUES ('20130609205318')
  [1m[36m (133.3ms)[0m  [1mcommit transaction[0m
  [1m[35m (0.0ms)[0m  SELECT "schema_migrations"."version" FROM "schema_migrations" 
Connecting to database specified by database.yml


Started GET "/admin" for 127.0.0.1 at 2013-06-09 15:54:21 -0500
Processing by Admin::DashboardController#index as HTML
Completed 401 Unauthorized in 2ms


Started GET "/admin/login" for 127.0.0.1 at 2013-06-09 15:54:21 -0500
Processing by ActiveAdmin::Devise::SessionsController#new as HTML
  Rendered C:/RailsInstaller/Ruby1.9.3/lib/ruby/gems/1.9.1/gems/activeadmin-0.6.0/app/views/active_admin/devise/shared/_links.erb (2.0ms)
  Rendered C:/RailsInstaller/Ruby1.9.3/lib/ruby/gems/1.9.1/gems/activeadmin-0.6.0/app/views/active_admin/devise/sessions/new.html.erb within layouts/active_admin_logged_out (591.2ms)
Compiled active_admin.css  (3801ms)  (pid 3644)
Compiled active_admin/print.css  (221ms)  (pid 3644)
Compiled jquery.js  (5ms)  (pid 3644)
Compiled jquery-ui.js  (6ms)  (pid 3644)
Compiled jquery_ujs.js  (1ms)  (pid 3644)
Compiled active_admin/lib/namespace.js  (2227ms)  (pid 3644)
Compiled active_admin/components/jquery.aa.checkbox-toggler.js  (790ms)  (pid 3644)
Compiled active_admin/components/jquery.aa.dropdown-menu.js  (1105ms)  (pid 3644)
Compiled active_admin/components/jquery.aa.popover.js  (899ms)  (pid 3644)
Compiled active_admin/components/jquery.aa.table-checkbox-toggler.js  (724ms)  (pid 3644)
Compiled active_admin/pages/application.js  (700ms)  (pid 3644)
Compiled active_admin/pages/batch_actions.js  (581ms)  (pid 3644)
Compiled active_admin/application.js  (7468ms)  (pid 3644)
Compiled active_admin/base.js  (7746ms)  (pid 3644)
Compiled active_admin.js  (7779ms)  (pid 3644)
Completed 200 OK in 13211ms (Views: 13193.8ms | ActiveRecord: 1.0ms)


Started GET "/assets/active_admin.css?body=1" for 127.0.0.1 at 2013-06-09 15:54:35 -0500
Served asset /active_admin.css - 200 OK (35ms)


Started GET "/assets/jquery.js?body=1" for 127.0.0.1 at 2013-06-09 15:54:35 -0500
Served asset /jquery.js - 200 OK (43ms)


Started GET "/assets/jquery_ujs.js?body=1" for 127.0.0.1 at 2013-06-09 15:54:35 -0500
Served asset /jquery_ujs.js - 200 OK (10ms)


Started GET "/assets/active_admin/lib/namespace.js?body=1" for 127.0.0.1 at 2013-06-09 15:54:35 -0500
Served asset /active_admin/lib/namespace.js - 304 Not Modified (7ms)


Started GET "/assets/jquery-ui.js?body=1" for 127.0.0.1 at 2013-06-09 15:54:35 -0500
Served asset /jquery-ui.js - 200 OK (50ms)


Started GET "/assets/active_admin/components/jquery.aa.checkbox-toggler.js?body=1" for 127.0.0.1 at 2013-06-09 15:54:35 -0500
Served asset /active_admin/components/jquery.aa.checkbox-toggler.js - 304 Not Modified (3ms)


Started GET "/assets/active_admin/components/jquery.aa.dropdown-menu.js?body=1" for 127.0.0.1 at 2013-06-09 15:54:35 -0500
Served asset /active_admin/components/jquery.aa.dropdown-menu.js - 304 Not Modified (4ms)


Started GET "/assets/active_admin/components/jquery.aa.popover.js?body=1" for 127.0.0.1 at 2013-06-09 15:54:35 -0500
Served asset /active_admin/components/jquery.aa.popover.js - 304 Not Modified (4ms)


Started GET "/assets/active_admin/components/jquery.aa.table-checkbox-toggler.js?body=1" for 127.0.0.1 at 2013-06-09 15:54:35 -0500
Served asset /active_admin/components/jquery.aa.table-checkbox-toggler.js - 304 Not Modified (4ms)


Started GET "/assets/active_admin/pages/application.js?body=1" for 127.0.0.1 at 2013-06-09 15:54:35 -0500
Served asset /active_admin/pages/application.js - 304 Not Modified (8ms)


Started GET "/assets/active_admin/pages/batch_actions.js?body=1" for 127.0.0.1 at 2013-06-09 15:54:35 -0500
Served asset /active_admin/pages/batch_actions.js - 304 Not Modified (8ms)


Started GET "/assets/active_admin/application.js?body=1" for 127.0.0.1 at 2013-06-09 15:54:35 -0500
Served asset /active_admin/application.js - 304 Not Modified (19ms)


Started GET "/assets/active_admin/base.js?body=1" for 127.0.0.1 at 2013-06-09 15:54:35 -0500
Served asset /active_admin/base.js - 304 Not Modified (31ms)


Started GET "/assets/active_admin.js?body=1" for 127.0.0.1 at 2013-06-09 15:54:35 -0500
Served asset /active_admin.js - 304 Not Modified (32ms)


Started GET "/assets/active_admin/print.css?body=1" for 127.0.0.1 at 2013-06-09 15:54:36 -0500
Served asset /active_admin/print.css - 304 Not Modified (8ms)


Started GET "/admin" for 127.0.0.1 at 2013-06-09 15:56:03 -0500
Processing by Admin::DashboardController#index as HTML
Completed 401 Unauthorized in 1ms


Started GET "/admin/login" for 127.0.0.1 at 2013-06-09 15:56:03 -0500
Processing by ActiveAdmin::Devise::SessionsController#new as HTML
  Rendered C:/RailsInstaller/Ruby1.9.3/lib/ruby/gems/1.9.1/gems/activeadmin-0.6.0/app/views/active_admin/devise/shared/_links.erb (0.0ms)
  Rendered C:/RailsInstaller/Ruby1.9.3/lib/ruby/gems/1.9.1/gems/activeadmin-0.6.0/app/views/active_admin/devise/sessions/new.html.erb within layouts/active_admin_logged_out (69.0ms)
Completed 200 OK in 117ms (Views: 116.0ms | ActiveRecord: 0.0ms)


Started GET "/assets/active_admin/lib/namespace.js?body=1" for 127.0.0.1 at 2013-06-09 15:56:03 -0500
Served asset /active_admin/lib/namespace.js - 304 Not Modified (0ms)


Started GET "/assets/active_admin.css?body=1" for 127.0.0.1 at 2013-06-09 15:56:03 -0500
Served asset /active_admin.css - 304 Not Modified (10ms)


Started GET "/assets/jquery_ujs.js?body=1" for 127.0.0.1 at 2013-06-09 15:56:03 -0500
Served asset /jquery_ujs.js - 304 Not Modified (0ms)


Started GET "/assets/jquery.js?body=1" for 127.0.0.1 at 2013-06-09 15:56:03 -0500
Served asset /jquery.js - 304 Not Modified (0ms)


Started GET "/assets/jquery-ui.js?body=1" for 127.0.0.1 at 2013-06-09 15:56:03 -0500
Served asset /jquery-ui.js - 304 Not Modified (0ms)


Started GET "/assets/active_admin/components/jquery.aa.checkbox-toggler.js?body=1" for 127.0.0.1 at 2013-06-09 15:56:03 -0500
Served asset /active_admin/components/jquery.aa.checkbox-toggler.js - 304 Not Modified (0ms)


Started GET "/assets/active_admin/components/jquery.aa.dropdown-menu.js?body=1" for 127.0.0.1 at 2013-06-09 15:56:03 -0500
Served asset /active_admin/components/jquery.aa.dropdown-menu.js - 304 Not Modified (0ms)


Started GET "/assets/active_admin/components/jquery.aa.popover.js?body=1" for 127.0.0.1 at 2013-06-09 15:56:03 -0500
Served asset /active_admin/components/jquery.aa.popover.js - 304 Not Modified (0ms)


Started GET "/assets/active_admin/components/jquery.aa.table-checkbox-toggler.js?body=1" for 127.0.0.1 at 2013-06-09 15:56:03 -0500
Served asset /active_admin/components/jquery.aa.table-checkbox-toggler.js - 304 Not Modified (0ms)


Started GET "/assets/active_admin/pages/application.js?body=1" for 127.0.0.1 at 2013-06-09 15:56:03 -0500
Served asset /active_admin/pages/application.js - 304 Not Modified (0ms)


Started GET "/assets/active_admin/pages/batch_actions.js?body=1" for 127.0.0.1 at 2013-06-09 15:56:03 -0500
Served asset /active_admin/pages/batch_actions.js - 304 Not Modified (0ms)


Started GET "/assets/active_admin/application.js?body=1" for 127.0.0.1 at 2013-06-09 15:56:03 -0500
Served asset /active_admin/application.js - 304 Not Modified (3ms)


Started GET "/assets/active_admin/base.js?body=1" for 127.0.0.1 at 2013-06-09 15:56:03 -0500
Served asset /active_admin/base.js - 304 Not Modified (2ms)


Started GET "/assets/active_admin.js?body=1" for 127.0.0.1 at 2013-06-09 15:56:03 -0500
Served asset /active_admin.js - 304 Not Modified (0ms)


Started GET "/assets/active_admin/print.css?body=1" for 127.0.0.1 at 2013-06-09 15:56:04 -0500
Served asset /active_admin/print.css - 304 Not Modified (0ms)
